<?xml version="1.0" encoding="UTF-8"?>
<!-- Generated by org.testng.reporters.JUnitReportReporter -->
<testsuite hostname="Noha" failures="0" tests="1" name="testCases.Case1" time="6.819" errors="0" timestamp="2022-03-19T13:17:12 EET" skipped="0">
  <testcase classname="testCases.Case1" name="assertTheFirstResult" time="6.819"/>
  <system-out/>
</testsuite> <!-- testCases.Case1 -->
